# JRE version: OpenJDK Runtime Environment (8.0_152-b01) (build 1.8.0_152-release-1024-b01)
# Java VM: OpenJDK 64-Bit Server VM (25.152-b01 mixed mode linux-amd64 compressed oops)
Heap:
 PSYoungGen      total 349696K, used 0K [0x00000000e0000000, 0x0000000100000000, 0x0000000100000000)
  eden space 175104K, 0% used [0x00000000e0000000,0x00000000e0000000,0x00000000eab00000)
  from space 174592K, 0% used [0x00000000f5580000,0x00000000f5580000,0x0000000100000000)
  to   space 174592K, 0% used [0x00000000eab00000,0x00000000eab00000,0x00000000f5580000)
 ParOldGen       total 773632K, used 679402K [0x00000000a0000000, 0x00000000cf380000, 0x00000000e0000000)
  object space 773632K, 87% used [0x00000000a0000000,0x00000000c977a848,0x00000000cf380000)
 Metaspace       used 88530K, capacity 91012K, committed 92248K, reserved 1130496K
  class space    used 10917K, capacity 11464K, committed 11648K, reserved 1048576K
GC Heap History (10 events):
Event: 7789.471 GC heap after
Heap after GC invocations=241 (full 20):
 PSYoungGen      total 349696K, used 77418K [0x00000000e0000000, 0x0000000100000000, 0x0000000100000000)
  eden space 175104K, 0% used [0x00000000e0000000,0x00000000e0000000,0x00000000eab00000)
  from space 174592K, 44% used [0x00000000f5580000,0x00000000fa11a888,0x0000000100000000)
  to   space 174592K, 0% used [0x00000000eab00000,0x00000000eab00000,0x00000000f5580000)
 ParOldGen       total 773632K, used 518582K [0x00000000a0000000, 0x00000000cf380000, 0x00000000e0000000)
  object space 773632K, 67% used [0x00000000a0000000,0x00000000bfa6dac0,0x00000000cf380000)
 Metaspace       used 89393K, capacity 92010K, committed 92248K, reserved 1130496K
  class space    used 11032K, capacity 11599K, committed 11648K, reserved 1048576K
}
Event: 7789.881 GC heap before
{Heap before GC invocations=242 (full 20):
 PSYoungGen      total 349696K, used 252522K [0x00000000e0000000, 0x0000000100000000, 0x0000000100000000)
  eden space 175104K, 100% used [0x00000000e0000000,0x00000000eab00000,0x00000000eab00000)
  from space 174592K, 44% used [0x00000000f5580000,0x00000000fa11a888,0x0000000100000000)
  to   space 174592K, 0% used [0x00000000eab00000,0x00000000eab00000,0x00000000f5580000)
 ParOldGen       total 773632K, used 518616K [0x00000000a0000000, 0x00000000cf380000, 0x00000000e0000000)
  object space 773632K, 67% used [0x00000000a0000000,0x00000000bfa76108,0x00000000cf380000)
 Metaspace       used 89393K, capacity 92010K, committed 92248K, reserved 1130496K
  class space    used 11032K, capacity 11599K, committed 11648K, reserved 1048576K
Event: 7790.109 GC heap after
Heap after GC invocations=242 (full 20):
 PSYoungGen      total 349696K, used 48937K [0x00000000e0000000, 0x0000000100000000, 0x0000000100000000)
  eden space 175104K, 0% used [0x00000000e0000000,0x00000000e0000000,0x00000000eab00000)
  from space 174592K, 28% used [0x00000000eab00000,0x00000000edaca710,0x00000000f5580000)
  to   space 174592K, 0% used [0x00000000f5580000,0x00000000f5580000,0x0000000100000000)
 ParOldGen       total 773632K, used 592117K [0x00000000a0000000, 0x00000000cf380000, 0x00000000e0000000)
  object space 773632K, 76% used [0x00000000a0000000,0x00000000c423d4a0,0x00000000cf380000)
 Metaspace       used 89393K, capacity 92010K, committed 92248K, reserved 1130496K
  class space    used 11032K, capacity 11599K, committed 11648K, reserved 1048576K
}
Event: 7790.571 GC heap before
{Heap before GC invocations=243 (full 20):
 PSYoungGen      total 349696K, used 224041K [0x00000000e0000000, 0x0000000100000000, 0x0000000100000000)
  eden space 175104K, 100% used [0x00000000e0000000,0x00000000eab00000,0x00000000eab00000)
  from space 174592K, 28% used [0x00000000eab00000,0x00000000edaca710,0x00000000f5580000)
  to   space 174592K, 0% used [0x00000000f5580000,0x00000000f5580000,0x0000000100000000)
 ParOldGen       total 773632K, used 592120K [0x00000000a0000000, 0x00000000cf380000, 0x00000000e0000000)
  object space 773632K, 76% used [0x00000000a0000000,0x00000000c423e008,0x00000000cf380000)
 Metaspace       used 89393K, capacity 92010K, committed 92248K, reserved 1130496K
  class space    used 11032K, capacity 11599K, committed 11648K, reserved 1048576K
Event: 7790.712 GC heap after
Heap after GC invocations=243 (full 20):
 PSYoungGen      total 349696K, used 43118K [0x00000000e0000000, 0x0000000100000000, 0x0000000100000000)
  eden space 175104K, 0% used [0x00000000e0000000,0x00000000e0000000,0x00000000eab00000)
  from space 174592K, 24% used [0x00000000f5580000,0x00000000f7f9b920,0x0000000100000000)
  to   space 174592K, 0% used [0x00000000eab00000,0x00000000eab00000,0x00000000f5580000)
 ParOldGen       total 773632K, used 634973K [0x00000000a0000000, 0x00000000cf380000, 0x00000000e0000000)
  object space 773632K, 82% used [0x00000000a0000000,0x00000000c6c176b0,0x00000000cf380000)
 Metaspace       used 89393K, capacity 92010K, committed 92248K, reserved 1130496K
  class space    used 11032K, capacity 11599K, committed 11648K, reserved 1048576K
}
Event: 7791.145 GC heap before
{Heap before GC invocations=244 (full 20):
 PSYoungGen      total 349696K, used 218222K [0x00000000e0000000, 0x0000000100000000, 0x0000000100000000)
  eden space 175104K, 100% used [0x00000000e0000000,0x00000000eab00000,0x00000000eab00000)
  from space 174592K, 24% used [0x00000000f5580000,0x00000000f7f9b920,0x0000000100000000)
  to   space 174592K, 0% used [0x00000000eab00000,0x00000000eab00000,0x00000000f5580000)
 ParOldGen       total 773632K, used 634978K [0x00000000a0000000, 0x00000000cf380000, 0x00000000e0000000)
  object space 773632K, 82% used [0x00000000a0000000,0x00000000c6c18b18,0x00000000cf380000)
 Metaspace       used 89393K, capacity 92010K, committed 92248K, reserved 1130496K
  class space    used 11032K, capacity 11599K, committed 11648K, reserved 1048576K
Event: 7791.286 GC heap after
Heap after GC invocations=244 (full 20):
 PSYoungGen      total 349696K, used 44247K [0x00000000e0000000, 0x0000000100000000, 0x0000000100000000)
  eden space 175104K, 0% used [0x00000000e0000000,0x00000000e0000000,0x00000000eab00000)
  from space 174592K, 25% used [0x00000000eab00000,0x00000000ed635db8,0x00000000f5580000)
  to   space 174592K, 0% used [0x00000000f5580000,0x00000000f5580000,0x0000000100000000)
 ParOldGen       total 773632K, used 673338K [0x00000000a0000000, 0x00000000cf380000, 0x00000000e0000000)
  object space 773632K, 87% used [0x00000000a0000000,0x00000000c918eb48,0x00000000cf380000)
 Metaspace       used 89393K, capacity 92010K, committed 92248K, reserved 1130496K
  class space    used 11032K, capacity 11599K, committed 11648K, reserved 1048576K
}
Event: 7791.719 GC heap before
{Heap before GC invocations=245 (full 20):
 PSYoungGen      total 349696K, used 219351K [0x00000000e0000000, 0x0000000100000000, 0x0000000100000000)
  eden space 175104K, 100% used [0x00000000e0000000,0x00000000eab00000,0x00000000eab00000)
  from space 174592K, 25% used [0x00000000eab00000,0x00000000ed635db8,0x00000000f5580000)
  to   space 174592K, 0% used [0x00000000f5580000,0x00000000f5580000,0x0000000100000000)
 ParOldGen       total 773632K, used 673340K [0x00000000a0000000, 0x00000000cf380000, 0x00000000e0000000)
  object space 773632K, 87% used [0x00000000a0000000,0x00000000c918f3b0,0x00000000cf380000)
 Metaspace       used 89393K, capacity 92010K, committed 92248K, reserved 1130496K
  class space    used 11032K, capacity 11599K, committed 11648K, reserved 1048576K
Event: 7791.869 GC heap after
Heap after GC invocations=245 (full 20):
 PSYoungGen      total 349696K, used 45689K [0x00000000e0000000, 0x0000000100000000, 0x0000000100000000)
  eden space 175104K, 0% used [0x00000000e0000000,0x00000000e0000000,0x00000000eab00000)
  from space 174592K, 26% used [0x00000000f5580000,0x00000000f821e4b0,0x0000000100000000)
  to   space 174592K, 0% used [0x00000000eab00000,0x00000000eab00000,0x00000000f5580000)
 ParOldGen       total 773632K, used 713302K [0x00000000a0000000, 0x00000000cf380000, 0x00000000e0000000)
  object space 773632K, 92% used [0x00000000a0000000,0x00000000cb8958b8,0x00000000cf380000)
 Metaspace       used 89393K, capacity 92010K, committed 92248K, reserved 1130496K
  class space    used 11032K, capacity 11599K, committed 11648K, reserved 1048576K
}
Event: 7791.869 GC heap before
{Heap before GC invocations=246 (full 21):
 PSYoungGen      total 349696K, used 45689K [0x00000000e0000000, 0x0000000100000000, 0x0000000100000000)
  eden space 175104K, 0% used [0x00000000e0000000,0x00000000e0000000,0x00000000eab00000)
  from space 174592K, 26% used [0x00000000f5580000,0x00000000f821e4b0,0x0000000100000000)
  to   space 174592K, 0% used [0x00000000eab00000,0x00000000eab00000,0x00000000f5580000)
 ParOldGen       total 773632K, used 713302K [0x00000000a0000000, 0x00000000cf380000, 0x00000000e0000000)
  object space 773632K, 92% used [0x00000000a0000000,0x00000000cb8958b8,0x00000000cf380000)
 Metaspace       used 89393K, capacity 92010K, committed 92248K, reserved 1130496K
  class space    used 11032K, capacity 11599K, committed 11648K, reserved 1048576K

